<?xml version="1.0" encoding="UTF-8"?>
<testng-results ignored="0" total="1" passed="1" failed="0" skipped="0">
  <reporter-output>
  </reporter-output>
  <suite started-at="2024-06-23T00:20:24 IST" name="Default suite" finished-at="2024-06-23T00:20:25 IST" duration-ms="1378">
    <groups>
    </groups>
    <test started-at="2024-06-23T00:20:24 IST" name="Default test" finished-at="2024-06-23T00:20:25 IST" duration-ms="1378">
      <class name="com.automatemavenjenkins.Automatemavenjenkins.FirstLaunchDemo">
        <test-method is-config="true" signature="setup()[pri:0, instance:com.automatemavenjenkins.Automatemavenjenkins.FirstLaunchDemo@31c88ec8]" started-at="2024-06-23T00:20:18 IST" name="setup" finished-at="2024-06-23T00:20:24 IST" duration-ms="5270" status="PASS">
          <reporter-output>
          </reporter-output>
        </test-method> <!-- setup -->
        <test-method signature="launch()[pri:0, instance:com.automatemavenjenkins.Automatemavenjenkins.FirstLaunchDemo@31c88ec8]" started-at="2024-06-23T00:20:24 IST" name="launch" finished-at="2024-06-23T00:20:25 IST" duration-ms="1346" status="PASS">
          <reporter-output>
          </reporter-output>
        </test-method> <!-- launch -->
      </class> <!-- com.automatemavenjenkins.Automatemavenjenkins.FirstLaunchDemo -->
    </test> <!-- Default test -->
  </suite> <!-- Default suite -->
</testng-results>
