<?xml version="1.0" encoding="UTF-8"?>
<testng-results ignored="0" total="2" passed="2" failed="0" skipped="0">
  <reporter-output>
  </reporter-output>
  <suite started-at="2024-06-22T17:21:25 IST" name="Suite" finished-at="2024-06-22T17:21:30 IST" duration-ms="5092">
    <groups>
    </groups>
    <test started-at="2024-06-22T17:21:25 IST" name="Test" finished-at="2024-06-22T17:21:30 IST" duration-ms="5092">
      <class name="com.automatemavenjenkins.Automatemavenjenkins.FirstLaunchDemo">
        <test-method signature="setup()[pri:0, instance:com.automatemavenjenkins.Automatemavenjenkins.FirstLaunchDemo@2473d930]" started-at="2024-06-22T17:21:25 IST" name="setup" finished-at="2024-06-22T17:21:28 IST" duration-ms="3112" status="PASS">
          <reporter-output>
          </reporter-output>
        </test-method> <!-- setup -->
        <test-method signature="launch()[pri:1, instance:com.automatemavenjenkins.Automatemavenjenkins.FirstLaunchDemo@2473d930]" started-at="2024-06-22T17:21:28 IST" name="launch" finished-at="2024-06-22T17:21:30 IST" duration-ms="1951" status="PASS">
          <reporter-output>
          </reporter-output>
        </test-method> <!-- launch -->
      </class> <!-- com.automatemavenjenkins.Automatemavenjenkins.FirstLaunchDemo -->
    </test> <!-- Test -->
  </suite> <!-- Suite -->
</testng-results>
