<?xml version="1.0" encoding="UTF-8"?>
<!-- Generated by org.testng.reporters.JUnitXMLReporter -->
<testsuite ignored="0" hostname="LAPTOP-7S89AT5P" failures="0" tests="2" name="Test" time="4.195" errors="0" timestamp="2024-06-22T18:03:51 IST">
  <testcase classname="com.automatemavenjenkins.Automatemavenjenkins.FirstLaunchDemo" name="setup" time="2.892"/>
  <testcase classname="com.automatemavenjenkins.Automatemavenjenkins.FirstLaunchDemo" name="launch" time="1.276"/>
</testsuite> <!-- Test -->
