<?xml version="1.0" encoding="UTF-8"?>
<testng-results ignored="0" total="2" passed="2" failed="0" skipped="0">
  <reporter-output>
  </reporter-output>
  <suite started-at="2024-06-22T18:03:47 IST" name="Suite" finished-at="2024-06-22T18:03:51 IST" duration-ms="4195">
    <groups>
    </groups>
    <test started-at="2024-06-22T18:03:47 IST" name="Test" finished-at="2024-06-22T18:03:51 IST" duration-ms="4195">
      <class name="com.automatemavenjenkins.Automatemavenjenkins.FirstLaunchDemo">
        <test-method signature="setup()[pri:0, instance:com.automatemavenjenkins.Automatemavenjenkins.FirstLaunchDemo@63a65a25]" started-at="2024-06-22T18:03:47 IST" name="setup" finished-at="2024-06-22T18:03:49 IST" duration-ms="2892" status="PASS">
          <reporter-output>
          </reporter-output>
        </test-method> <!-- setup -->
        <test-method signature="launch()[pri:1, instance:com.automatemavenjenkins.Automatemavenjenkins.FirstLaunchDemo@63a65a25]" started-at="2024-06-22T18:03:49 IST" name="launch" finished-at="2024-06-22T18:03:51 IST" duration-ms="1276" status="PASS">
          <reporter-output>
          </reporter-output>
        </test-method> <!-- launch -->
      </class> <!-- com.automatemavenjenkins.Automatemavenjenkins.FirstLaunchDemo -->
    </test> <!-- Test -->
  </suite> <!-- Suite -->
</testng-results>
